2025-08-05 03:14:18,166 INFO Request: [[5.1, 3.5, 1.4, 0.2], [6.2, 2.8, 4.8, 1.8]] | Prediction: [0, 2]
2025-08-05 03:25:29,292 INFO Request: [[5.0, 3.5, 1.4, 0.2], [6.0, 2.8, 4.8, 1.8]] | Prediction: [0, 2]
2025-08-11 04:08:37,308 INFO Request: [[5.1, 3.5, 1.4, 0.2]] | Prediction: [0]
2025-08-11 04:23:42,797 INFO Request: [[5.1, 3.5, 1.4, 0.2]] | Prediction: [0]
2025-08-11 04:52:24,919 INFO Request: [[5.1, 3.5, 1.4, 0.2]] | Prediction: [0]
2025-08-11 04:52:48,126 INFO Request: [[5.1, 3.5, 1.4, 2.2]] | Prediction: [0]
2025-08-11 05:40:56,352 INFO Request: [[5.1, 3.5, 1.9, 2.2]] | Prediction: [0]
2025-08-11 05:42:33,553 INFO Request: [[5.1, 3.5, 1.9, 3.0]] | Prediction: [0]
2025-08-11 06:18:05,546 INFO Request: [[5.1, 3.5, 1.4, 0.2]] | Prediction: [0]
2025-08-11 06:20:58,194 INFO Request: [[5.1, 3.5, 1.4, 9.2]] | Prediction: [2]
2025-08-11 06:23:12,261 INFO Request: [[5.1, 3.5, 1.4, 0.2], [6.2, 3.4, 5.4, 2.3]] | Prediction: [0, 2]
2025-08-11 06:28:55,926 INFO Request: [[5.1, 3.5, 1.4, 0.2], [6.2, 2.8, 4.8, 1.8]] | Prediction: [0, 2]
2025-08-11 06:29:07,161 INFO Request: [[5.1, 3.5, 1.4, 0.2], [6.2, 2.8, 4.8, 1.8]] | Prediction: [0, 2]
2025-08-11 06:41:33,989 INFO Request: [[5.1, 3.5, 1.4, 0.2], [6.2, 2.8, 4.8, 1.8]] | Prediction: [0, 2]
2025-08-11 06:44:17,630 INFO Request: [[5.1, 3.5, 1.4, 0.2], [6.2, 2.8, 4.8, 1.8]] | Prediction: [0, 2]
2025-08-11 06:46:17,170 INFO Request: [[5.1, 3.5, 1.4, 0.2], [6.2, 2.8, 4.8, 1.8]] | Prediction: [0, 2]
2025-08-11 06:46:55,439 INFO Request: [[5.1, 3.5, 1.4, 0.2], [6.2, 2.8, 4.8, 9.8]] | Prediction: [0, 2]
2025-08-11 06:52:28,315 INFO Request: [[5.1, 3.5, 1.4, 0.2], [6.2, 2.8, 4.8, 1.8]] | Prediction: [0, 2]
2025-08-11 07:01:09,195 INFO Request: [[5.1, 3.5, 1.4, 0.2], [6.2, 2.8, 4.8, 1.8]] | Prediction: [0, 2]
2025-08-11 07:34:08,812 INFO Request: [[5.1, 3.5, 1.4, 0.2], [6.2, 2.8, 4.8, 1.8]] | Prediction: [0, 2]
2025-08-11 08:57:01,410 INFO Request: [[5.1, 3.5, 1.4, 0.2], [6.2, 2.8, 4.8, 1.8]] | Prediction: [0, 2]
2025-08-11 09:21:57,028 INFO Request: [[5.1, 3.5, 1.4, 0.2], [7.0, 3.2, 4.7, 1.4]] | Prediction: [0, 1]
2025-08-11 09:26:08,681 INFO Request: [[5.1, 3.5, 1.4, 0.92], [7.0, 3.2, 4.7, 1.4]] | Prediction: [0, 1]
